<?xml version="1.0" encoding="UTF-8"?>
<testsuite xmlns:xsi="http://www.w3.org/2001/XMLSchema-instance" xsi:noNamespaceSchemaLocation="https://maven.apache.org/surefire/maven-surefire-plugin/xsd/surefire-test-report-3.0.xsd" version="3.0" name="com.zw.LinkUserserviceProviderApplicationTests" time="1.959" tests="1" errors="0" skipped="0" failures="0">
  <properties>
[...]
</properties>
  <testcase name="contextLoads" classname="com.zw.LinkUserserviceProviderApplicationTests" time="0.124">
    <system-out><![CDATA[17:32:21.228 [main] DEBUG org.springframework.test.context.BootstrapUtils - Instantiating CacheAwareContextLoaderDelegate from class [org.springframework.test.context.cache.DefaultCacheAwareContextLoaderDelegate]
17:32:21.234 [main] DEBUG org.springframework.test.context.BootstrapUtils - Instantiating BootstrapContext using constructor [public org.springframework.test.context.support.DefaultBootstrapContext(java.lang.Class,org.springframework.test.context.CacheAwareContextLoaderDelegate)]
17:32:21.253 [main] DEBUG org.springframework.test.context.BootstrapUtils - Instantiating TestContextBootstrapper for test class [com.zw.LinkUserserviceProviderApplicationTests] from class [org.springframework.boot.test.context.SpringBootTestContextBootstrapper]
17:32:21.259 [main] INFO org.springframework.boot.test.context.SpringBootTestContextBootstrapper - Neither @ContextConfiguration nor @ContextHierarchy found for test class [com.zw.LinkUserserviceProviderApplicationTests], using SpringBootContextLoader
17:32:21.262 [main] DEBUG org.springframework.test.context.support.AbstractContextLoader - Did not detect default resource location for test class [com.zw.LinkUserserviceProviderApplicationTests]: class path resource [com/zw/LinkUserserviceProviderApplicationTests-context.xml] does not exist
17:32:21.262 [main] DEBUG org.springframework.test.context.support.AbstractContextLoader - Did not detect default resource location for test class [com.zw.LinkUserserviceProviderApplicationTests]: class path resource [com/zw/LinkUserserviceProviderApplicationTestsContext.groovy] does not exist
17:32:21.262 [main] INFO org.springframework.test.context.support.AbstractContextLoader - Could not detect default resource locations for test class [com.zw.LinkUserserviceProviderApplicationTests]: no resource found for suffixes {-context.xml, Context.groovy}.
17:32:21.263 [main] INFO org.springframework.test.context.support.AnnotationConfigContextLoaderUtils - Could not detect default configuration classes for test class [com.zw.LinkUserserviceProviderApplicationTests]: LinkUserserviceProviderApplicationTests does not declare any static, non-private, non-final, nested classes annotated with @Configuration.
17:32:21.291 [main] DEBUG org.springframework.test.context.support.ActiveProfilesUtils - Could not find an 'annotation declaring class' for annotation type [org.springframework.test.context.ActiveProfiles] and class [com.zw.LinkUserserviceProviderApplicationTests]
17:32:21.334 [main] DEBUG org.springframework.context.annotation.ClassPathScanningCandidateComponentProvider - Identified candidate component class: file [F:\JavaCode\Dubbo\code\link-userservice-provider\target\classes\com\zw\LinkUserserviceProviderApplication.class]
17:32:21.335 [main] INFO org.springframework.boot.test.context.SpringBootTestContextBootstrapper - Found @SpringBootConfiguration com.zw.LinkUserserviceProviderApplication for test class com.zw.LinkUserserviceProviderApplicationTests
17:32:21.382 [main] DEBUG org.springframework.boot.test.context.SpringBootTestContextBootstrapper - @TestExecutionListeners is not present for class [com.zw.LinkUserserviceProviderApplicationTests]: using defaults.
17:32:21.382 [main] INFO org.springframework.boot.test.context.SpringBootTestContextBootstrapper - Loaded default TestExecutionListener class names from location [META-INF/spring.factories]: [org.springframework.boot.test.mock.mockito.MockitoTestExecutionListener, org.springframework.boot.test.mock.mockito.ResetMocksTestExecutionListener, org.springframework.boot.test.autoconfigure.restdocs.RestDocsTestExecutionListener, org.springframework.boot.test.autoconfigure.web.client.MockRestServiceServerResetTestExecutionListener, org.springframework.boot.test.autoconfigure.web.servlet.MockMvcPrintOnlyOnFailureTestExecutionListener, org.springframework.boot.test.autoconfigure.web.servlet.WebDriverTestExecutionListener, org.springframework.boot.test.autoconfigure.webservices.client.MockWebServiceServerTestExecutionListener, org.springframework.test.context.web.ServletTestExecutionListener, org.springframework.test.context.support.DirtiesContextBeforeModesTestExecutionListener, org.springframework.test.context.event.ApplicationEventsTestExecutionListener, org.springframework.test.context.support.DependencyInjectionTestExecutionListener, org.springframework.test.context.support.DirtiesContextTestExecutionListener, org.springframework.test.context.transaction.TransactionalTestExecutionListener, org.springframework.test.context.jdbc.SqlScriptsTestExecutionListener, org.springframework.test.context.event.EventPublishingTestExecutionListener]
17:32:21.388 [main] DEBUG org.springframework.boot.test.context.SpringBootTestContextBootstrapper - Skipping candidate TestExecutionListener [org.springframework.test.context.transaction.TransactionalTestExecutionListener] due to a missing dependency. Specify custom listener classes or make the default listener classes and their required dependencies available. Offending class: [org/springframework/transaction/interceptor/TransactionAttributeSource]
17:32:21.389 [main] DEBUG org.springframework.boot.test.context.SpringBootTestContextBootstrapper - Skipping candidate TestExecutionListener [org.springframework.test.context.jdbc.SqlScriptsTestExecutionListener] due to a missing dependency. Specify custom listener classes or make the default listener classes and their required dependencies available. Offending class: [org/springframework/transaction/interceptor/TransactionAttribute]
17:32:21.389 [main] INFO org.springframework.boot.test.context.SpringBootTestContextBootstrapper - Using TestExecutionListeners: [org.springframework.test.context.web.ServletTestExecutionListener@f001896, org.springframework.test.context.support.DirtiesContextBeforeModesTestExecutionListener@13f17eb4, org.springframework.test.context.event.ApplicationEventsTestExecutionListener@1d0d6318, org.springframework.boot.test.mock.mockito.MockitoTestExecutionListener@4bc28c33, org.springframework.boot.test.autoconfigure.SpringBootDependencyInjectionTestExecutionListener@4409e975, org.springframework.test.context.support.DirtiesContextTestExecutionListener@5c153b9e, org.springframework.test.context.event.EventPublishingTestExecutionListener@2a7686a7, org.springframework.boot.test.mock.mockito.ResetMocksTestExecutionListener@758a34ce, org.springframework.boot.test.autoconfigure.restdocs.RestDocsTestExecutionListener@7ec3394b, org.springframework.boot.test.autoconfigure.web.client.MockRestServiceServerResetTestExecutionListener@bff34c6, org.springframework.boot.test.autoconfigure.web.servlet.MockMvcPrintOnlyOnFailureTestExecutionListener@1522d8a0, org.springframework.boot.test.autoconfigure.web.servlet.WebDriverTestExecutionListener@312ab28e, org.springframework.boot.test.autoconfigure.webservices.client.MockWebServiceServerTestExecutionListener@5644dc81]
17:32:21.391 [main] DEBUG org.springframework.test.context.support.AbstractDirtiesContextTestExecutionListener - Before test class: context [DefaultTestContext@698122b2 testClass = LinkUserserviceProviderApplicationTests, testInstance = [null], testMethod = [null], testException = [null], mergedContextConfiguration = [WebMergedContextConfiguration@4212a0c8 testClass = LinkUserserviceProviderApplicationTests, locations = '{}', classes = '{class com.zw.LinkUserserviceProviderApplication}', contextInitializerClasses = '[]', activeProfiles = '{}', propertySourceLocations = '{}', propertySourceProperties = '{org.springframework.boot.test.context.SpringBootTestContextBootstrapper=true}', contextCustomizers = set[org.springframework.boot.test.context.filter.ExcludeFilterContextCustomizer@239105a8, org.springframework.boot.test.json.DuplicateJsonObjectContextCustomizerFactory$DuplicateJsonObjectContextCustomizer@1df8b5b8, org.springframework.boot.test.mock.mockito.MockitoContextCustomizer@0, org.springframework.boot.test.web.client.TestRestTemplateContextCustomizer@5f77d0f9, org.springframework.boot.test.autoconfigure.actuate.metrics.MetricsExportContextCustomizerFactory$DisableMetricExportContextCustomizer@1cd629b3, org.springframework.boot.test.autoconfigure.properties.PropertyMappingContextCustomizer@0, org.springframework.boot.test.autoconfigure.web.servlet.WebDriverContextCustomizerFactory$Customizer@7b7fdc8, org.springframework.boot.test.context.SpringBootTestArgs@1, org.springframework.boot.test.context.SpringBootTestWebEnvironment@31c88ec8], resourceBasePath = 'src/main/webapp', contextLoader = 'org.springframework.boot.test.context.SpringBootContextLoader', parent = [null]], attributes = map['org.springframework.test.context.web.ServletTestExecutionListener.activateListener' -> true]], class annotated with @DirtiesContext [false] with mode [null].
2025-05-18 17:32:21.542  INFO 39752 --- [           main] o.a.dubbo.common.logger.LoggerFactory    : using logger: org.apache.dubbo.common.logger.slf4j.Slf4jLoggerAdapter
2025-05-18 17:32:21.544  INFO 39752 --- [           main] d.s.b.c.e.WelcomeLogoApplicationListener : 

 :: Dubbo Spring Boot (v2.7.7) : https://github.com/apache/dubbo-spring-boot-project
 :: Dubbo (v2.7.7) : https://github.com/apache/dubbo
 :: Discuss group : dev@dubbo.apache.org

2025-05-18 17:32:21.546  INFO 39752 --- [           main] e.OverrideDubboConfigApplicationListener : Dubbo Config was overridden by externalized configuration {dubbo.application.name=link-userservice-provider, dubbo.application.qos-enable=false, dubbo.config.multiple=true, dubbo.protocol.name=dubbo, dubbo.protocol.port=20880, dubbo.registry.address=N/A, dubbo.scan.base-packages=com.zw.service}

  .   ____          _            __ _ _
 /\\ / ___'_ __ _ _(_)_ __  __ _ \ \ \ \
( ( )\___ | '_ | '_| | '_ \/ _` | \ \ \ \
 \\/  ___)| |_)| | | | | || (_| |  ) ) ) )
  '  |____| .__|_| |_|_| |_\__, | / / / /
 =========|_|==============|___/=/_/_/_/
 :: Spring Boot ::                (v2.7.6)

2025-05-18 17:32:21.607  INFO 39752 --- [           main] .LinkUserserviceProviderApplicationTests : Starting LinkUserserviceProviderApplicationTests using Java 1.8.0_431 on DESKTOP-QRSSSIC with PID 39752 (started by PC in F:\JavaCode\Dubbo\code\link-userservice-provider)
2025-05-18 17:32:21.607  INFO 39752 --- [           main] .LinkUserserviceProviderApplicationTests : No active profile set, falling back to 1 default profile: "default"
2025-05-18 17:32:21.631  INFO 39752 --- [           main] com.alibaba.spring.util.BeanRegistrar    : The Infrastructure bean definition [Root bean: class [org.apache.dubbo.spring.boot.beans.factory.config.DubboConfigBeanCustomizer]; scope=; abstract=false; lazyInit=null; autowireMode=0; dependencyCheck=0; autowireCandidate=true; primary=false; factoryBeanName=null; factoryMethodName=null; initMethodName=null; destroyMethodName=nullwith name [namePropertyDefaultValueDubboConfigBeanCustomizer] has been registered.
2025-05-18 17:32:21.791  INFO 39752 --- [           main] com.alibaba.spring.util.BeanRegistrar    : The Infrastructure bean definition [Root bean: class [org.apache.dubbo.config.spring.beans.factory.annotation.ReferenceAnnotationBeanPostProcessor]; scope=; abstract=false; lazyInit=null; autowireMode=0; dependencyCheck=0; autowireCandidate=true; primary=false; factoryBeanName=null; factoryMethodName=null; initMethodName=null; destroyMethodName=nullwith name [referenceAnnotationBeanPostProcessor] has been registered.
2025-05-18 17:32:21.791  INFO 39752 --- [           main] com.alibaba.spring.util.BeanRegistrar    : The Infrastructure bean definition [Root bean: class [org.apache.dubbo.config.spring.beans.factory.annotation.DubboConfigAliasPostProcessor]; scope=; abstract=false; lazyInit=null; autowireMode=0; dependencyCheck=0; autowireCandidate=true; primary=false; factoryBeanName=null; factoryMethodName=null; initMethodName=null; destroyMethodName=nullwith name [dubboConfigAliasPostProcessor] has been registered.
2025-05-18 17:32:21.791  INFO 39752 --- [           main] com.alibaba.spring.util.BeanRegistrar    : The Infrastructure bean definition [Root bean: class [org.apache.dubbo.config.spring.context.DubboLifecycleComponentApplicationListener]; scope=; abstract=false; lazyInit=null; autowireMode=0; dependencyCheck=0; autowireCandidate=true; primary=false; factoryBeanName=null; factoryMethodName=null; initMethodName=null; destroyMethodName=nullwith name [dubboLifecycleComponentApplicationListener] has been registered.
2025-05-18 17:32:21.792  INFO 39752 --- [           main] com.alibaba.spring.util.BeanRegistrar    : The Infrastructure bean definition [Root bean: class [org.apache.dubbo.config.spring.context.DubboBootstrapApplicationListener]; scope=; abstract=false; lazyInit=null; autowireMode=0; dependencyCheck=0; autowireCandidate=true; primary=false; factoryBeanName=null; factoryMethodName=null; initMethodName=null; destroyMethodName=nullwith name [dubboBootstrapApplicationListener] has been registered.
2025-05-18 17:32:21.792  INFO 39752 --- [           main] com.alibaba.spring.util.BeanRegistrar    : The Infrastructure bean definition [Root bean: class [org.apache.dubbo.config.spring.beans.factory.config.DubboConfigDefaultPropertyValueBeanPostProcessor]; scope=; abstract=false; lazyInit=null; autowireMode=0; dependencyCheck=0; autowireCandidate=true; primary=false; factoryBeanName=null; factoryMethodName=null; initMethodName=null; destroyMethodName=nullwith name [dubboConfigDefaultPropertyValueBeanPostProcessor] has been registered.
2025-05-18 17:32:21.847  INFO 39752 --- [           main] .b.f.a.ConfigurationBeanBindingRegistrar : The configuration bean definition [name : org.apache.dubbo.config.ApplicationConfig#0, content : Root bean: class [org.apache.dubbo.config.ApplicationConfig]; scope=; abstract=false; lazyInit=null; autowireMode=0; dependencyCheck=0; autowireCandidate=true; primary=false; factoryBeanName=null; factoryMethodName=null; initMethodName=null; destroyMethodName=null] has been registered.
2025-05-18 17:32:21.847  INFO 39752 --- [           main] com.alibaba.spring.util.BeanRegistrar    : The Infrastructure bean definition [Root bean: class [com.alibaba.spring.beans.factory.annotation.ConfigurationBeanBindingPostProcessor]; scope=; abstract=false; lazyInit=null; autowireMode=0; dependencyCheck=0; autowireCandidate=true; primary=false; factoryBeanName=null; factoryMethodName=null; initMethodName=null; destroyMethodName=nullwith name [configurationBeanBindingPostProcessor] has been registered.
2025-05-18 17:32:21.847  INFO 39752 --- [           main] .b.f.a.ConfigurationBeanBindingRegistrar : The configuration bean definition [name : org.apache.dubbo.config.RegistryConfig#0, content : Root bean: class [org.apache.dubbo.config.RegistryConfig]; scope=; abstract=false; lazyInit=null; autowireMode=0; dependencyCheck=0; autowireCandidate=true; primary=false; factoryBeanName=null; factoryMethodName=null; initMethodName=null; destroyMethodName=null] has been registered.
2025-05-18 17:32:21.847  INFO 39752 --- [           main] .b.f.a.ConfigurationBeanBindingRegistrar : The configuration bean definition [name : org.apache.dubbo.config.ProtocolConfig#0, content : Root bean: class [org.apache.dubbo.config.ProtocolConfig]; scope=; abstract=false; lazyInit=null; autowireMode=0; dependencyCheck=0; autowireCandidate=true; primary=false; factoryBeanName=null; factoryMethodName=null; initMethodName=null; destroyMethodName=null] has been registered.
2025-05-18 17:32:21.969  INFO 39752 --- [           main] b.f.a.ServiceAnnotationBeanPostProcessor :  [DUBBO] BeanNameGenerator bean can't be found in BeanFactory with name [org.springframework.context.annotation.internalConfigurationBeanNameGenerator], dubbo version: 2.7.7, current host: 192.168.1.8
2025-05-18 17:32:21.970  INFO 39752 --- [           main] b.f.a.ServiceAnnotationBeanPostProcessor :  [DUBBO] BeanNameGenerator will be a instance of org.springframework.context.annotation.AnnotationBeanNameGenerator , it maybe a potential problem on bean name generation., dubbo version: 2.7.7, current host: 192.168.1.8
2025-05-18 17:32:21.977  INFO 39752 --- [           main] b.f.a.ServiceAnnotationBeanPostProcessor :  [DUBBO] The BeanDefinition[Root bean: class [org.apache.dubbo.config.spring.ServiceBean]; scope=; abstract=false; lazyInit=null; autowireMode=0; dependencyCheck=0; autowireCandidate=true; primary=false; factoryBeanName=null; factoryMethodName=null; initMethodName=null; destroyMethodName=null] of ServiceBean has been registered with name : ServiceBean:com.zw.service.UserService, dubbo version: 2.7.7, current host: 192.168.1.8
2025-05-18 17:32:21.977  INFO 39752 --- [           main] b.f.a.ServiceAnnotationBeanPostProcessor :  [DUBBO] The BeanDefinition[Root bean: class [org.apache.dubbo.config.spring.ServiceBean]; scope=; abstract=false; lazyInit=null; autowireMode=0; dependencyCheck=0; autowireCandidate=true; primary=false; factoryBeanName=null; factoryMethodName=null; initMethodName=null; destroyMethodName=null] of ServiceBean has been registered with name : ServiceBean:com.zw.service.UserService:1.0.0:group1, dubbo version: 2.7.7, current host: 192.168.1.8
2025-05-18 17:32:21.978  INFO 39752 --- [           main] b.f.a.ServiceAnnotationBeanPostProcessor :  [DUBBO] The BeanDefinition[Root bean: class [org.apache.dubbo.config.spring.ServiceBean]; scope=; abstract=false; lazyInit=null; autowireMode=0; dependencyCheck=0; autowireCandidate=true; primary=false; factoryBeanName=null; factoryMethodName=null; initMethodName=null; destroyMethodName=null] of ServiceBean has been registered with name : ServiceBean:com.zw.service.UserService:2.0.0:group2, dubbo version: 2.7.7, current host: 192.168.1.8
2025-05-18 17:32:21.978  INFO 39752 --- [           main] b.f.a.ServiceAnnotationBeanPostProcessor :  [DUBBO] 3 annotated Dubbo's @Service Components { [Bean definition with name 'userServiceImpl': Generic bean: class [com.zw.service.impl.UserServiceImpl]; scope=; abstract=false; lazyInit=null; autowireMode=0; dependencyCheck=0; autowireCandidate=true; primary=false; factoryBeanName=null; factoryMethodName=null; initMethodName=null; destroyMethodName=null; defined in file [F:\JavaCode\Dubbo\code\link-userservice-provider\target\classes\com\zw\service\impl\UserServiceImpl.class], Bean definition with name 'userServiceImpl1': Generic bean: class [com.zw.service.impl.UserServiceImpl1]; scope=; abstract=false; lazyInit=null; autowireMode=0; dependencyCheck=0; autowireCandidate=true; primary=false; factoryBeanName=null; factoryMethodName=null; initMethodName=null; destroyMethodName=null; defined in file [F:\JavaCode\Dubbo\code\link-userservice-provider\target\classes\com\zw\service\impl\UserServiceImpl1.class], Bean definition with name 'userServiceImpl2': Generic bean: class [com.zw.service.impl.UserServiceImpl2]; scope=; abstract=false; lazyInit=null; autowireMode=0; dependencyCheck=0; autowireCandidate=true; primary=false; factoryBeanName=null; factoryMethodName=null; initMethodName=null; destroyMethodName=null; defined in file [F:\JavaCode\Dubbo\code\link-userservice-provider\target\classes\com\zw\service\impl\UserServiceImpl2.class]] } were scanned under package[com.zw], dubbo version: 2.7.7, current host: 192.168.1.8
2025-05-18 17:32:21.978  INFO 39752 --- [           main] b.f.a.ServiceAnnotationBeanPostProcessor :  [DUBBO] BeanNameGenerator bean can't be found in BeanFactory with name [org.springframework.context.annotation.internalConfigurationBeanNameGenerator], dubbo version: 2.7.7, current host: 192.168.1.8
2025-05-18 17:32:21.978  INFO 39752 --- [           main] b.f.a.ServiceAnnotationBeanPostProcessor :  [DUBBO] BeanNameGenerator will be a instance of org.springframework.context.annotation.AnnotationBeanNameGenerator , it maybe a potential problem on bean name generation., dubbo version: 2.7.7, current host: 192.168.1.8
2025-05-18 17:32:21.980  WARN 39752 --- [           main] b.f.a.ServiceAnnotationBeanPostProcessor :  [DUBBO] The Duplicated BeanDefinition[Root bean: class [org.apache.dubbo.config.spring.ServiceBean]; scope=; abstract=false; lazyInit=null; autowireMode=0; dependencyCheck=0; autowireCandidate=true; primary=false; factoryBeanName=null; factoryMethodName=null; initMethodName=null; destroyMethodName=null] of ServiceBean[ bean name : ServiceBean:com.zw.service.UserService] was be found , Did @DubboComponentScan scan to same package in many times?, dubbo version: 2.7.7, current host: 192.168.1.8
2025-05-18 17:32:21.980  WARN 39752 --- [           main] b.f.a.ServiceAnnotationBeanPostProcessor :  [DUBBO] The Duplicated BeanDefinition[Root bean: class [org.apache.dubbo.config.spring.ServiceBean]; scope=; abstract=false; lazyInit=null; autowireMode=0; dependencyCheck=0; autowireCandidate=true; primary=false; factoryBeanName=null; factoryMethodName=null; initMethodName=null; destroyMethodName=null] of ServiceBean[ bean name : ServiceBean:com.zw.service.UserService:1.0.0:group1] was be found , Did @DubboComponentScan scan to same package in many times?, dubbo version: 2.7.7, current host: 192.168.1.8
2025-05-18 17:32:21.981  WARN 39752 --- [           main] b.f.a.ServiceAnnotationBeanPostProcessor :  [DUBBO] The Duplicated BeanDefinition[Root bean: class [org.apache.dubbo.config.spring.ServiceBean]; scope=; abstract=false; lazyInit=null; autowireMode=0; dependencyCheck=0; autowireCandidate=true; primary=false; factoryBeanName=null; factoryMethodName=null; initMethodName=null; destroyMethodName=null] of ServiceBean[ bean name : ServiceBean:com.zw.service.UserService:2.0.0:group2] was be found , Did @DubboComponentScan scan to same package in many times?, dubbo version: 2.7.7, current host: 192.168.1.8
2025-05-18 17:32:21.981  INFO 39752 --- [           main] b.f.a.ServiceAnnotationBeanPostProcessor :  [DUBBO] 3 annotated Dubbo's @Service Components { [Bean definition with name 'userServiceImpl': Generic bean: class [com.zw.service.impl.UserServiceImpl]; scope=; abstract=false; lazyInit=null; autowireMode=0; dependencyCheck=0; autowireCandidate=true; primary=false; factoryBeanName=null; factoryMethodName=null; initMethodName=null; destroyMethodName=null; defined in file [F:\JavaCode\Dubbo\code\link-userservice-provider\target\classes\com\zw\service\impl\UserServiceImpl.class], Bean definition with name 'userServiceImpl1': Generic bean: class [com.zw.service.impl.UserServiceImpl1]; scope=; abstract=false; lazyInit=null; autowireMode=0; dependencyCheck=0; autowireCandidate=true; primary=false; factoryBeanName=null; factoryMethodName=null; initMethodName=null; destroyMethodName=null; defined in file [F:\JavaCode\Dubbo\code\link-userservice-provider\target\classes\com\zw\service\impl\UserServiceImpl1.class], Bean definition with name 'userServiceImpl2': Generic bean: class [com.zw.service.impl.UserServiceImpl2]; scope=; abstract=false; lazyInit=null; autowireMode=0; dependencyCheck=0; autowireCandidate=true; primary=false; factoryBeanName=null; factoryMethodName=null; initMethodName=null; destroyMethodName=null; defined in file [F:\JavaCode\Dubbo\code\link-userservice-provider\target\classes\com\zw\service\impl\UserServiceImpl2.class]] } were scanned under package[com.zw.service], dubbo version: 2.7.7, current host: 192.168.1.8
2025-05-18 17:32:21.981  INFO 39752 --- [           main] o.s.c.a.ConfigurationClassPostProcessor  : Cannot enhance @Configuration bean definition 'org.apache.dubbo.spring.boot.autoconfigure.DubboRelaxedBinding2AutoConfiguration' since its singleton instance has been created too early. The typical cause is a non-static @Bean method with a BeanDefinitionRegistryPostProcessor return type: Consider declaring such methods as 'static'.
2025-05-18 17:32:21.981  INFO 39752 --- [           main] o.s.c.a.ConfigurationClassPostProcessor  : Cannot enhance @Configuration bean definition 'org.apache.dubbo.spring.boot.autoconfigure.DubboAutoConfiguration' since its singleton instance has been created too early. The typical cause is a non-static @Bean method with a BeanDefinitionRegistryPostProcessor return type: Consider declaring such methods as 'static'.
2025-05-18 17:32:22.098  WARN 39752 --- [           main] o.a.d.c.s.e.SpringExtensionFactory       :  [DUBBO] No spring extension (bean) named:ssl, try to find an extension (bean) of type org.apache.dubbo.config.SslConfig, dubbo version: 2.7.7, current host: 192.168.1.8
2025-05-18 17:32:22.098  WARN 39752 --- [           main] o.a.d.c.s.e.SpringExtensionFactory       :  [DUBBO] No spring extension (bean) named:monitor, try to find an extension (bean) of type org.apache.dubbo.config.MonitorConfig, dubbo version: 2.7.7, current host: 192.168.1.8
2025-05-18 17:32:22.098  WARN 39752 --- [           main] o.a.d.c.s.e.SpringExtensionFactory       :  [DUBBO] No spring extension (bean) named:metrics, try to find an extension (bean) of type org.apache.dubbo.config.MetricsConfig, dubbo version: 2.7.7, current host: 192.168.1.8
2025-05-18 17:32:22.098  WARN 39752 --- [           main] o.a.d.c.s.e.SpringExtensionFactory       :  [DUBBO] No spring extension (bean) named:module, try to find an extension (bean) of type org.apache.dubbo.config.ModuleConfig, dubbo version: 2.7.7, current host: 192.168.1.8
2025-05-18 17:32:22.098  WARN 39752 --- [           main] o.a.d.c.s.e.SpringExtensionFactory       :  [DUBBO] No spring extension (bean) named:application, try to find an extension (bean) of type org.apache.dubbo.config.ApplicationConfig, dubbo version: 2.7.7, current host: 192.168.1.8
2025-05-18 17:32:22.511  INFO 39752 --- [           main] .a.ConfigurationBeanBindingPostProcessor : The configuration bean [<dubbo:application name="link-userservice-provider" hostname="DESKTOP-QRSSSIC" qosEnable="false" />] have been binding by the configuration properties [{name=link-userservice-provider, qos-enable=false}]
2025-05-18 17:32:22.516  INFO 39752 --- [           main] .a.ConfigurationBeanBindingPostProcessor : The configuration bean [<dubbo:registry address="N/A" />] have been binding by the configuration properties [{address=N/A}]
2025-05-18 17:32:22.518  INFO 39752 --- [           main] .a.ConfigurationBeanBindingPostProcessor : The configuration bean [<dubbo:protocol name="dubbo" port="20880" />] have been binding by the configuration properties [{name=dubbo, port=20880}]
2025-05-18 17:32:22.735  INFO 39752 --- [           main] o.a.d.c.utils.ConfigValidationUtils      :  [DUBBO] There's no valid monitor config found, if you want to open monitor statistics for Dubbo, please make sure your monitor is configured properly., dubbo version: 2.7.7, current host: 192.168.1.8
2025-05-18 17:32:22.741  INFO 39752 --- [           main] o.a.d.config.bootstrap.DubboBootstrap    :  [DUBBO] DubboBootstrap has been initialized!, dubbo version: 2.7.7, current host: 192.168.1.8
2025-05-18 17:32:22.741  INFO 39752 --- [           main] o.a.d.config.bootstrap.DubboBootstrap    :  [DUBBO] DubboBootstrap is starting..., dubbo version: 2.7.7, current host: 192.168.1.8
2025-05-18 17:32:22.755  INFO 39752 --- [           main] org.apache.dubbo.config.ServiceConfig    :  [DUBBO] No valid ip found from environment, try to find valid host from DNS., dubbo version: 2.7.7, current host: 192.168.1.8
2025-05-18 17:32:22.769  WARN 39752 --- [           main] o.a.d.c.s.e.SpringExtensionFactory       :  [DUBBO] No spring extension (bean) named:logger, try to find an extension (bean) of type org.apache.dubbo.common.logger.Logger, dubbo version: 2.7.7, current host: 192.168.1.8
2025-05-18 17:32:22.775  INFO 39752 --- [           main] org.apache.dubbo.config.ServiceConfig    :  [DUBBO] Export dubbo service com.zw.service.UserService to local registry url : injvm://127.0.0.1/com.zw.service.UserService?anyhost=true&application=link-userservice-provider&bind.ip=192.168.1.8&bind.port=20880&deprecated=false&dubbo=2.0.2&dynamic=true&generic=false&group=group2&interface=com.zw.service.UserService&methods=queryUserById&pid=39752&qos.enable=false&release=2.7.7&revision=2.0.0&side=provider&timestamp=1747560742746&version=2.0.0, dubbo version: 2.7.7, current host: 192.168.1.8
2025-05-18 17:32:22.775  INFO 39752 --- [           main] org.apache.dubbo.config.ServiceConfig    :  [DUBBO] Export dubbo service com.zw.service.UserService to url dubbo://192.168.1.8:20880/com.zw.service.UserService?anyhost=true&application=link-userservice-provider&bind.ip=192.168.1.8&bind.port=20880&deprecated=false&dubbo=2.0.2&dynamic=true&generic=false&group=group2&interface=com.zw.service.UserService&methods=queryUserById&pid=39752&qos.enable=false&release=2.7.7&revision=2.0.0&side=provider&timestamp=1747560742746&version=2.0.0, dubbo version: 2.7.7, current host: 192.168.1.8
2025-05-18 17:32:22.981  INFO 39752 --- [           main] o.a.d.remoting.transport.AbstractServer  :  [DUBBO] Start NettyServer bind /0.0.0.0:20880, export /192.168.1.8:20880, dubbo version: 2.7.7, current host: 192.168.1.8
2025-05-18 17:32:22.997  INFO 39752 --- [           main] m.DynamicConfigurationServiceNameMapping :  [DUBBO] Dubbo service[group2] mapped to interface name[com.zw.service.UserService]., dubbo version: 2.7.7, current host: 192.168.1.8
2025-05-18 17:32:23.000  INFO 39752 --- [           main] org.apache.dubbo.config.ServiceConfig    :  [DUBBO] No valid ip found from environment, try to find valid host from DNS., dubbo version: 2.7.7, current host: 192.168.1.8
2025-05-18 17:32:23.002  INFO 39752 --- [           main] org.apache.dubbo.config.ServiceConfig    :  [DUBBO] Export dubbo service com.zw.service.UserService to local registry url : injvm://127.0.0.1/com.zw.service.UserService?anyhost=true&application=link-userservice-provider&bind.ip=192.168.1.8&bind.port=20880&deprecated=false&dubbo=2.0.2&dynamic=true&generic=false&group=group1&interface=com.zw.service.UserService&methods=queryUserById&pid=39752&qos.enable=false&release=2.7.7&revision=1.0.0&side=provider&timestamp=1747560742998&version=1.0.0, dubbo version: 2.7.7, current host: 192.168.1.8
2025-05-18 17:32:23.002  INFO 39752 --- [           main] org.apache.dubbo.config.ServiceConfig    :  [DUBBO] Export dubbo service com.zw.service.UserService to url dubbo://192.168.1.8:20880/com.zw.service.UserService?anyhost=true&application=link-userservice-provider&bind.ip=192.168.1.8&bind.port=20880&deprecated=false&dubbo=2.0.2&dynamic=true&generic=false&group=group1&interface=com.zw.service.UserService&methods=queryUserById&pid=39752&qos.enable=false&release=2.7.7&revision=1.0.0&side=provider&timestamp=1747560742998&version=1.0.0, dubbo version: 2.7.7, current host: 192.168.1.8
2025-05-18 17:32:23.004  INFO 39752 --- [           main] m.DynamicConfigurationServiceNameMapping :  [DUBBO] Dubbo service[group1] mapped to interface name[com.zw.service.UserService]., dubbo version: 2.7.7, current host: 192.168.1.8
2025-05-18 17:32:23.005  INFO 39752 --- [           main] org.apache.dubbo.config.ServiceConfig    :  [DUBBO] No valid ip found from environment, try to find valid host from DNS., dubbo version: 2.7.7, current host: 192.168.1.8
2025-05-18 17:32:23.009  INFO 39752 --- [           main] org.apache.dubbo.config.ServiceConfig    :  [DUBBO] Export dubbo service com.zw.service.UserService to local registry url : injvm://127.0.0.1/com.zw.service.UserService?anyhost=true&application=link-userservice-provider&bind.ip=192.168.1.8&bind.port=20880&deprecated=false&dubbo=2.0.2&dynamic=true&generic=false&interface=com.zw.service.UserService&methods=queryUserById&pid=39752&qos.enable=false&release=2.7.7&side=provider&timestamp=1747560743005, dubbo version: 2.7.7, current host: 192.168.1.8
2025-05-18 17:32:23.009  INFO 39752 --- [           main] org.apache.dubbo.config.ServiceConfig    :  [DUBBO] Export dubbo service com.zw.service.UserService to url dubbo://192.168.1.8:20880/com.zw.service.UserService?anyhost=true&application=link-userservice-provider&bind.ip=192.168.1.8&bind.port=20880&deprecated=false&dubbo=2.0.2&dynamic=true&generic=false&interface=com.zw.service.UserService&methods=queryUserById&pid=39752&qos.enable=false&release=2.7.7&side=provider&timestamp=1747560743005, dubbo version: 2.7.7, current host: 192.168.1.8
2025-05-18 17:32:23.011  INFO 39752 --- [           main] m.DynamicConfigurationServiceNameMapping :  [DUBBO] Dubbo service[null] mapped to interface name[com.zw.service.UserService]., dubbo version: 2.7.7, current host: 192.168.1.8
2025-05-18 17:32:23.015  INFO 39752 --- [           main] o.a.d.config.bootstrap.DubboBootstrap    :  [DUBBO] DubboBootstrap is ready., dubbo version: 2.7.7, current host: 192.168.1.8
2025-05-18 17:32:23.015  INFO 39752 --- [           main] o.a.d.config.bootstrap.DubboBootstrap    :  [DUBBO] DubboBootstrap has started., dubbo version: 2.7.7, current host: 192.168.1.8
2025-05-18 17:32:23.017  INFO 39752 --- [           main] .LinkUserserviceProviderApplicationTests : Started LinkUserserviceProviderApplicationTests in 1.605 seconds (JVM running for 2.147)
]]></system-out>
  </testcase>
</testsuite>